{"message":"logger.test.js# Test info","level":"info"}
{"message":"logger.test.js# Test warn","level":"warn"}
{"data":[{"productName":"samosa","shopName":"Samosa Factory","price":1,"geo":{"lat":-33.87365,"long":151.20689}},{"productName":"samosa","shopName":"Jerusalem Shawarma","price":1.25,"geo":{"lat":-33.89365,"long":151.21689}},{"productName":"samosa","shopName":"Chickenclear Shawarma","price":1.3,"geo":{"lat":-33.97365,"long":151.28689}}],"level":"db","message":"logger.test.js# Test db"}
{"small":"NOT Fat Guy","level":"error","message":"logger.test.js# Test error"}
{"message":"logger.test.js# Test info","level":"info"}
{"message":"logger.test.js# Test warn","level":"warn"}
{"data":[{"productName":"samosa","shopName":"Samosa Factory","price":1,"geo":{"lat":-33.87365,"long":151.20689}},{"productName":"samosa","shopName":"Jerusalem Shawarma","price":1.25,"geo":{"lat":-33.89365,"long":151.21689}},{"productName":"samosa","shopName":"Chickenclear Shawarma","price":1.3,"geo":{"lat":-33.97365,"long":151.28689}}],"level":"db","message":"logger.test.js# Test db"}
{"small":"NOT Fat Guy","level":"error","message":"logger.test.js# Test error"}
{"message":"logger.test.js# Test info","level":"info"}
{"message":"logger.test.js# Test warn","level":"warn"}
{"data":[{"productName":"samosa","shopName":"Samosa Factory","price":1,"geo":{"lat":-33.87365,"long":151.20689}},{"productName":"samosa","shopName":"Jerusalem Shawarma","price":1.25,"geo":{"lat":-33.89365,"long":151.21689}},{"productName":"samosa","shopName":"Chickenclear Shawarma","price":1.3,"geo":{"lat":-33.97365,"long":151.28689}}],"level":"db","message":"logger.test.js# Test db"}
{"small":"NOT Fat Guy","level":"error","message":"logger.test.js# Test error"}
{"message":"logger.test.js# Test info","level":"info"}
{"message":"logger.test.js# Test warn","level":"warn"}
{"data":[{"productName":"samosa","shopName":"Samosa Factory","price":1,"geo":{"lat":-33.87365,"long":151.20689}},{"productName":"samosa","shopName":"Jerusalem Shawarma","price":1.25,"geo":{"lat":-33.89365,"long":151.21689}},{"productName":"samosa","shopName":"Chickenclear Shawarma","price":1.3,"geo":{"lat":-33.97365,"long":151.28689}}],"level":"db","message":"logger.test.js# Test db"}
{"small":"NOT Fat Guy","level":"error","message":"logger.test.js# Test error"}
{"message":"logger.test.js# Test info","level":"info"}
{"message":"logger.test.js# Test warn","level":"warn"}
{"data":[{"productName":"samosa","shopName":"Samosa Factory","price":1,"geo":{"lat":-33.87365,"long":151.20689}},{"productName":"samosa","shopName":"Jerusalem Shawarma","price":1.25,"geo":{"lat":-33.89365,"long":151.21689}},{"productName":"samosa","shopName":"Chickenclear Shawarma","price":1.3,"geo":{"lat":-33.97365,"long":151.28689}}],"level":"db","message":"logger.test.js# Test db"}
{"small":"NOT Fat Guy","level":"error","message":"logger.test.js# Test error"}
{"message":"logger.test.js# Test info","level":"info"}
{"message":"logger.test.js# Test warn","level":"warn"}
{"data":[{"productName":"samosa","shopName":"Samosa Factory","price":1,"geo":{"lat":-33.87365,"long":151.20689}},{"productName":"samosa","shopName":"Jerusalem Shawarma","price":1.25,"geo":{"lat":-33.89365,"long":151.21689}},{"productName":"samosa","shopName":"Chickenclear Shawarma","price":1.3,"geo":{"lat":-33.97365,"long":151.28689}}],"level":"db","message":"logger.test.js# Test db"}
{"small":"NOT Fat Guy","level":"error","message":"logger.test.js# Test error"}
{"products":[{"CurrencySignPrice":"cents","category":"fruits","currencySignPricePerUnit":"$","date":{"end":1597460354,"start":1565837954},"name":"Apple, Gala","price":69,"pricePerUnit":3.33,"storeId":"STORE::GROCERY::WALCAL1","subCategory":"apple","subType":"grocery","type":"product","unit":"lb"},{"CurrencySignPrice":"cents","category":"fruits","currencySignPricePerUnit":"$","date":{"end":1597460354,"start":1565837954},"name":"Pear, Packham","price":87,"pricePerUnit":4.33,"storeId":"STORE::GROCERY::WALCAL1","subCategory":"pear","subType":"grocery","type":"product","unit":"kg"}],"level":"db","message":"products_service.js# Not expected payload"}
{"products":[{"CurrencySignPrice":"cents","category":"fruits","currencySignPricePerUnit":"$","date":{"end":1597460354,"start":1565837954},"name":"Apple, Gala","price":69,"pricePerUnit":3.33,"storeId":"STORE::GROCERY::WALCAL1","subCategory":"apple","subType":"grocery","type":"product","unit":"lb"},{"CurrencySignPrice":"cents","category":"fruits","currencySignPricePerUnit":"$","date":{"end":1597460354,"start":1565837954},"name":"Pear, Packham","price":87,"pricePerUnit":4.33,"storeId":"STORE::GROCERY::WALCAL1","subCategory":"pear","subType":"grocery","type":"product","unit":"kg"}],"level":"db","message":"products_service.js# Not expected payload"}
{"products":[{"CurrencySignPrice":"cents","category":"fruits","currencySignPricePerUnit":"$","date":{"end":1597460354,"start":1565837954},"name":"Apple, Gala","price":69,"pricePerUnit":3.33,"storeId":"STORE::GROCERY::WALCAL1","subCategory":"apple","subType":"grocery","type":"product","unit":"lb"},{"CurrencySignPrice":"cents","category":"fruits","currencySignPricePerUnit":"$","date":{"end":1597460354,"start":1565837954},"name":"Pear, Packham","price":87,"pricePerUnit":4.33,"storeId":"STORE::GROCERY::WALCAL1","subCategory":"pear","subType":"grocery","type":"product","unit":"kg"}],"level":"db","message":"products_service.js# Not expected payload"}
{"products":[{"CurrencySignPrice":"cents","category":"fruits","currencySignPricePerUnit":"$","date":{"end":1597460354,"start":1565837954},"name":"Apple, Gala","price":69,"pricePerUnit":3.33,"storeId":"STORE::GROCERY::WALCAL1","subCategory":"apple","subType":"grocery","type":"product","unit":"lb"},{"CurrencySignPrice":"cents","category":"fruits","currencySignPricePerUnit":"$","date":{"end":1597460354,"start":1565837954},"name":"Pear, Packham","price":87,"pricePerUnit":4.33,"storeId":"STORE::GROCERY::WALCAL1","subCategory":"pear","subType":"grocery","type":"product","unit":"kg"}],"level":"db","message":"products_service.js# Not expected payload"}
{"products":{},"level":"db","message":"products_service.js# Not expected payload,  - should be array."}
{"products":{},"level":"db","message":"products_service.js# Not expected payload,  - should be array."}
{"products":{},"level":"db","message":"products_service.js# Not expected payload,  - should be array."}
{"products":{},"level":"db","message":"products_service.js# Not expected payload,  - should be array."}
{"products":{},"level":"db","message":"products_service.js# Not expected payload,  - should be array."}
{"products":{},"level":"db","message":"products_service.js# Not expected payload,  - should be array."}
{"products":[],"level":"db","message":"products_service.js# Not expected payload,  - should NOT have fewer than 1 items."}
{"products":[],"level":"db","message":"products_service.js# Not expected payload,  - should NOT have fewer than 1 items."}
