Example app listening on port 3000!
Example app listening on port 13000!
aCompany
{ type: 'company',
  subType: 'restaurant',
  name: 'Blue River Restaurant',
  email: 'leo@blue_river.com',
  phone: '780-710-2550',
  address: 
   { suite: '900',
     streetNumber: '214',
     streetName: '11 Avenue SW',
     city: 'Calgary',
     province: 'Alberta',
     country: 'Canada',
     geo: { lat: '-9.117047399999999', lng: '38.7626105' } },
  users: 
   [ { firstName: 'Test',
       lastName: 'Owner',
       role: 'Owner',
       userName: 'loganwolverine',
       email: 'test.owner@blue-river.com',
       password: '******' },
     { firstName: 'Test',
       lastName: 'User',
       role: 'User',
       userName: 'testuser',
       email: 'test.user@blue-river.com',
       password: '******' } ],
  products: [] }
cas
undefined
success! COMPANY::IDX::PROMISE 104
REST...
COMPANY::104
Example app listening on port 13000!
aCompany
{ type: 'company',
  subType: 'restaurant',
  name: 'Blue River Restaurant',
  email: 'leo@blue_river.com',
  phone: '780-710-2550',
  address: 
   { suite: '900',
     streetNumber: '214',
     streetName: '11 Avenue SW',
     city: 'Calgary',
     province: 'Alberta',
     country: 'Canada',
     geo: { lat: '-9.117047399999999', lng: '38.7626105' } },
  users: 
   [ { firstName: 'Test',
       lastName: 'Owner',
       role: 'Owner',
       userName: 'loganwolverine',
       email: 'test.owner@blue-river.com',
       password: '******' },
     { firstName: 'Test',
       lastName: 'User',
       role: 'User',
       userName: 'testuser',
       email: 'test.user@blue-river.com',
       password: '******' } ],
  products: [] }
cas
undefined
success! COMPANY::IDX::PROMISE 105
REST...
COMPANY::105

> koaRestAPI@1.0.0 start /Users/tantelymaharisoa/Dev/QWay/koaRestAPi
> node src/index.js

Example app listening on port 3000!
