{"message":"Test error","level":"error","service":"user-service"}
{"message":"logger.test.js: Test error","level":"error","service":"user-service"}
{"message":"logger.test.js: Test error","level":"error","service":"user-service"}
{"service":"user-service","big":"Fat Guy","level":"error","message":"logger.test.js# Test error"}
{"service":"user-service","big":"Fat Guy","level":"error","message":"logger.test.js# Test error"}
{"service":"user-service","small":"NOT Fat Guy","level":"error","message":"logger.test.js# Test error"}
{"0":{"productName":"samosa","shopName":"Samosa Factory","price":1,"geo":{"lat":-33.87365,"long":151.20689}},"1":{"productName":"samosa","shopName":"Jerusalem Shawarma","price":1.25,"geo":{"lat":-33.89365,"long":151.21689}},"2":{"productName":"samosa","shopName":"Chickenclear Shawarma","price":1.3,"geo":{"lat":-33.97365,"long":151.28689}},"service":"user-service","level":"error","message":"logger.test.js# Test error"}
{"service":"user-service","small":"NOT Fat Guy","level":"error","message":"logger.test.js# Test error"}
{"service":"user-service","data":[{"productName":"samosa","shopName":"Samosa Factory","price":1,"geo":{"lat":-33.87365,"long":151.20689}},{"productName":"samosa","shopName":"Jerusalem Shawarma","price":1.25,"geo":{"lat":-33.89365,"long":151.21689}},{"productName":"samosa","shopName":"Chickenclear Shawarma","price":1.3,"geo":{"lat":-33.97365,"long":151.28689}}],"level":"error","message":"logger.test.js# Test error"}
{"service":"user-service","small":"NOT Fat Guy","level":"error","message":"logger.test.js# Test error"}
{"service":"user-service","small":"NOT Fat Guy","level":"error","message":"logger.test.js# Test error"}
{"service":"user-service","small":"NOT Fat Guy","level":"error","message":"logger.test.js# Test error"}
{"service":"user-service","small":"NOT Fat Guy","level":"error","message":"logger.test.js# Test error"}
{"small":"NOT Fat Guy","level":"error","message":"logger.test.js# Test error"}
{"small":"NOT Fat Guy","level":"error","message":"logger.test.js# Test error"}
{"small":"NOT Fat Guy","level":"error","message":"logger.test.js# Test error"}
{"small":"NOT Fat Guy","level":"error","message":"logger.test.js# Test error"}
{"small":"NOT Fat Guy","level":"error","message":"logger.test.js# Test error"}
{"small":"NOT Fat Guy","level":"error","message":"logger.test.js# Test error"}
{"small":"NOT Fat Guy","level":"error","message":"logger.test.js# Test error"}
{"small":"NOT Fat Guy","level":"error","message":"logger.test.js# Test error"}
{"data":[{"productName":"samosa","shopName":"Samosa Factory","price":1,"geo":{"lat":-33.87365,"long":151.20689}},{"productName":"samosa","shopName":"Jerusalem Shawarma","price":1.25,"geo":{"lat":-33.89365,"long":151.21689}},{"productName":"samosa","shopName":"Chickenclear Shawarma","price":1.3,"geo":{"lat":-33.97365,"long":151.28689}}],"level":"db","message":"logger.test.js# Test db"}
{"small":"NOT Fat Guy","level":"error","message":"logger.test.js# Test error"}
